<?xml version="1.0" encoding="UTF-8"?>
<testsuite name="Everything about the creation process of pets." tests="1" skipped="0" failures="0" errors="0" timestamp="2024-02-25T08:29:22" hostname="DESKTOP-G32FPN8" time="4.144">
  <properties/>
  <testcase name="Add a new pet to the store." classname="Everything about the creation process of pets." time="4.144"/>
  <system-out><![CDATA[]]></system-out>
  <system-err><![CDATA[]]></system-err>
</testsuite>
