<?xml version="1.0" encoding="UTF-8"?>
<testsuite name="Everything about searching Pets." tests="6" skipped="0" failures="0" errors="0" timestamp="2024-02-25T08:29:26" hostname="DESKTOP-G32FPN8" time="1.147">
  <properties/>
  <testcase name="Finds pets by existing status. #1" classname="Everything about searching Pets." time="0.18"/>
  <testcase name="Finds pets by existing status. #2" classname="Everything about searching Pets." time="0.099"/>
  <testcase name="Finds pets by existing status. #3" classname="Everything about searching Pets." time="0.116"/>
  <testcase name="Finds pets by unexpected status." classname="Everything about searching Pets." time="0.107"/>
  <testcase name="Find pets by tag." classname="Everything about searching Pets." time="0.229"/>
  <testcase name="Find pets by multiple tags." classname="Everything about searching Pets." time="0.415"/>
  <system-out><![CDATA[]]></system-out>
  <system-err><![CDATA[]]></system-err>
</testsuite>
